<?xml version="1.0" encoding="UTF-8"?>
<!-- Generated by org.testng.reporters.JUnitXMLReporter -->
<testsuite ignored="0" hostname="ParentPC" failures="1" tests="1" name="Default test(failed)(failed)" time="0.087" errors="0" timestamp="2021-05-31T13:41:56 CEST">
  <testcase classname="com.freecm.qa.login.LoginTest" name="logintest" time="0.0">
    <failure type="org.testng.TestNGException" message="
Cannot inject @Test annotated Method [logintest] with [class java.lang.String, class java.lang.String].
For more information on native dependency injection please refer to https://testng.org/doc/documentation-main.html#native-dependency-injection">
      <![CDATA[org.testng.TestNGException: 
Cannot inject @Test annotated Method [logintest] with [class java.lang.String, class java.lang.String].
For more information on native dependency injection please refer to https://testng.org/doc/documentation-main.html#native-dependency-injection
at java.base/java.util.ArrayList.forEach(ArrayList.java:1511)
... Removed 26 stack frames]]>
    </failure>
  </testcase> <!-- logintest -->
</testsuite> <!-- Default test(failed)(failed) -->
