<?xml version="1.0" encoding="UTF-8"?>
<testng-results ignored="0" total="2" passed="2" failed="0" skipped="0">
  <reporter-output>
  </reporter-output>
  <suite started-at="2021-09-22T16:08:49 CEST" name="Default suite" finished-at="2021-09-22T16:09:08 CEST" duration-ms="19203">
    <groups>
    </groups>
    <test started-at="2021-09-22T16:08:49 CEST" name="Default test" finished-at="2021-09-22T16:09:08 CEST" duration-ms="19203">
      <class name="com.freecm.qa.login.LoginTest">
        <test-method is-config="true" signature="setUp()[pri:0, instance:com.freecm.qa.login.LoginTest@24fcf36f]" started-at="2021-09-22T16:08:50 CEST" name="setUp" finished-at="2021-09-22T16:08:58 CEST" duration-ms="8271" status="PASS">
          <reporter-output>
          </reporter-output>
        </test-method> <!-- setUp -->
        <test-method signature="logintest(java.lang.String, java.lang.String)[pri:0, instance:com.freecm.qa.login.LoginTest@24fcf36f]" started-at="2021-09-22T16:08:58 CEST" name="logintest" data-provider="getLoginData" finished-at="2021-09-22T16:08:59 CEST" duration-ms="1137" status="PASS">
          <params>
            <param index="0">
              <value>
                <![CDATA[test]]>
              </value>
            </param>
            <param index="1">
              <value>
                <![CDATA[test12345]]>
              </value>
            </param>
          </params>
          <reporter-output>
          </reporter-output>
        </test-method> <!-- logintest -->
        <test-method is-config="true" signature="teardown()[pri:0, instance:com.freecm.qa.login.LoginTest@24fcf36f]" started-at="2021-09-22T16:08:59 CEST" name="teardown" finished-at="2021-09-22T16:08:59 CEST" duration-ms="1" status="PASS">
          <reporter-output>
          </reporter-output>
        </test-method> <!-- teardown -->
        <test-method is-config="true" signature="setUp()[pri:0, instance:com.freecm.qa.login.LoginTest@24fcf36f]" started-at="2021-09-22T16:08:59 CEST" name="setUp" finished-at="2021-09-22T16:09:07 CEST" duration-ms="8253" status="PASS">
          <reporter-output>
          </reporter-output>
        </test-method> <!-- setUp -->
        <test-method signature="logintest(java.lang.String, java.lang.String)[pri:0, instance:com.freecm.qa.login.LoginTest@24fcf36f]" started-at="2021-09-22T16:09:07 CEST" name="logintest" data-provider="getLoginData" finished-at="2021-09-22T16:09:08 CEST" duration-ms="1039" status="PASS">
          <params>
            <param index="0">
              <value>
                <![CDATA[test1]]>
              </value>
            </param>
            <param index="1">
              <value>
                <![CDATA[test12345]]>
              </value>
            </param>
          </params>
          <reporter-output>
          </reporter-output>
        </test-method> <!-- logintest -->
        <test-method is-config="true" signature="teardown()[pri:0, instance:com.freecm.qa.login.LoginTest@24fcf36f]" started-at="2021-09-22T16:09:08 CEST" name="teardown" finished-at="2021-09-22T16:09:08 CEST" duration-ms="0" status="PASS">
          <reporter-output>
          </reporter-output>
        </test-method> <!-- teardown -->
      </class> <!-- com.freecm.qa.login.LoginTest -->
    </test> <!-- Default test -->
  </suite> <!-- Default suite -->
</testng-results>
